<?xml version="1.0" encoding="UTF-8"?>
<testsuite name="EncodingTest" tests="2" skipped="0" failures="0" errors="0" timestamp="2020-12-05T12:27:51" hostname="LTTECH2007" time="0.005">
  <properties/>
  <testcase name="checkIfSavedInputText" classname="EncodingTest" time="0.005"/>
  <testcase name="checkIfItCreatesInstance" classname="EncodingTest" time="0.0"/>
  <system-out><![CDATA[]]></system-out>
  <system-err><![CDATA[]]></system-err>
</testsuite>
