<?xml version="1.0" encoding="UTF-8"?>
<testsuite name="EncodingTest" tests="7" skipped="0" failures="0" errors="0" timestamp="2020-12-05T13:55:51" hostname="LTTECH2007" time="0.015">
  <properties/>
  <testcase name="isValidInputText" classname="EncodingTest" time="0.002"/>
  <testcase name="checkIfKeyIsSaved" classname="EncodingTest" time="0.0"/>
  <testcase name="checkIfSavedInputText" classname="EncodingTest" time="0.0"/>
  <testcase name="isNotEmpty" classname="EncodingTest" time="0.0"/>
  <testcase name="validEncoding" classname="EncodingTest" time="0.01"/>
  <testcase name="checkIfItCreatesInstance" classname="EncodingTest" time="0.0"/>
  <testcase name="isValidKey" classname="EncodingTest" time="0.0"/>
  <system-out><![CDATA[]]></system-out>
  <system-err><![CDATA[]]></system-err>
</testsuite>
